\BOOKMARK [1][-]{section.1}{\376\377\000I\000n\000t\000r\000o\000d\000u\000c\000t\000i\000o\000n}{}% 1
\BOOKMARK [2][-]{subsection.1.1}{\376\377\000M\000o\000t\000i\000v\000a\000t\000i\000o\000n}{section.1}% 2
\BOOKMARK [2][-]{subsection.1.2}{\376\377\000G\000o\000a\000l\000s}{section.1}% 3
\BOOKMARK [1][-]{section.2}{\376\377\000B\000a\000c\000k\000g\000r\000o\000u\000n\000d}{}% 4
\BOOKMARK [2][-]{subsection.2.1}{\376\377\000R\000e\000a\000c\000t\000o\000r\000\040\000D\000e\000s\000i\000g\000n}{section.2}% 5
\BOOKMARK [3][-]{subsubsection.2.1.1}{\376\377\000M\000o\000l\000t\000e\000n\000\040\000S\000a\000l\000t}{subsection.2.1}% 6
\BOOKMARK [3][-]{subsubsection.2.1.2}{\376\377\000C\000o\000n\000t\000r\000o\000l\000\040\000D\000r\000u\000m\000s}{subsection.2.1}% 7
\BOOKMARK [3][-]{subsubsection.2.1.3}{\376\377\000I\000n\000-\000P\000i\000l\000e\000\040\000M\000o\000d\000e\000r\000a\000t\000o\000r}{subsection.2.1}% 8
\BOOKMARK [3][-]{subsubsection.2.1.4}{\376\377\000S\000t\000r\000u\000c\000t\000u\000r\000a\000l\000\040\000M\000a\000t\000e\000r\000i\000a\000l\000s}{subsection.2.1}% 9
\BOOKMARK [1][-]{section.3}{\376\377\000T\000h\000e\000o\000r\000y\000\040\000\050\000R\000e\000a\000c\000t\000o\000r\000\040\000C\000h\000a\000r\000a\000c\000t\000e\000r\000i\000z\000a\000t\000i\000o\000n\000\051}{}% 10
\BOOKMARK [2][-]{subsection.3.1}{\376\377\000T\000r\000a\000n\000s\000p\000o\000r\000t\000\040\000D\000e\000l\000a\000y}{section.3}% 11
\BOOKMARK [2][-]{subsection.3.2}{\376\377\000D\000y\000n\000a\000m\000i\000c\000\040\000S\000i\000m\000u\000l\000a\000t\000i\000o\000n}{section.3}% 12
\BOOKMARK [3][-]{subsubsection.3.2.1}{\376\377\000M\000o\000d\000e\000l\000\040\000I\000n\000i\000t\000i\000a\000l\000i\000z\000a\000t\000i\000o\000n}{subsection.3.2}% 13
\BOOKMARK [3][-]{subsubsection.3.2.2}{\376\377\000D\000i\000s\000c\000r\000e\000t\000e\000\040\000T\000i\000m\000e\000\040\000S\000t\000e\000p}{subsection.3.2}% 14
\BOOKMARK [1][-]{section.4}{\376\377\000M\000e\000t\000h\000o\000d\000o\000l\000o\000g\000y\000\040\000\050\000C\000o\000n\000t\000r\000o\000l\000l\000e\000r\000\040\000D\000e\000s\000i\000g\000n\000\051}{}% 15
\BOOKMARK [1][-]{section.5}{\376\377\000R\000e\000s\000u\000l\000t\000s}{}% 16
\BOOKMARK [2][-]{subsection.5.1}{\376\377\000O\000b\000j\000e\000c\000t\000i\000v\000e}{section.5}% 17
\BOOKMARK [1][-]{section.6}{\376\377\000D\000i\000s\000c\000u\000s\000s\000i\000o\000n}{}% 18
\BOOKMARK [1][-]{section.7}{\376\377\000F\000u\000t\000u\000r\000e\000\040\000w\000o\000r\000k}{}% 19
\BOOKMARK [1][-]{section.8}{\376\377\000S\000u\000m\000m\000a\000r\000y\000\040\000r\000e\000m\000a\000r\000k\000s}{}% 20
